{"message":"Server is running at localhost : 3000","level":"info","timestamp":"2021-07-01T05:26:56.348Z"}
{"message":"Successfully Connected to the database!","level":"info","timestamp":"2021-07-01T05:26:56.739Z"}
{"message":"Server is running at localhost : 3000","level":"info","timestamp":"2021-07-01T05:27:04.560Z"}
{"message":"Successfully Connected to the database!","level":"info","timestamp":"2021-07-01T05:27:04.710Z"}
{"message":"Server is running at localhost : 3000","level":"info","timestamp":"2021-07-01T08:31:17.939Z"}
{"message":"Successfully Connected to the database!","level":"info","timestamp":"2021-07-01T08:31:23.886Z"}
{"message":"Server is running at localhost : 3000","level":"info","timestamp":"2021-07-01T08:43:30.682Z"}
{"message":"Successfully Connected to the database!","level":"info","timestamp":"2021-07-01T08:43:30.913Z"}
{"message":"Server is running at localhost : 3000","level":"info","timestamp":"2021-07-01T08:46:07.669Z"}
{"message":"Successfully Connected to the database!","level":"info","timestamp":"2021-07-01T08:46:07.915Z"}
{"message":"Server is running at localhost : 3000","level":"info","timestamp":"2021-07-01T08:55:06.627Z"}
{"message":"Successfully Connected to the database!","level":"info","timestamp":"2021-07-01T08:55:06.827Z"}
{"message":"Server is running at localhost : 3000","level":"info","timestamp":"2021-07-01T08:57:59.438Z"}
{"message":"Successfully Connected to the database!","level":"info","timestamp":"2021-07-01T08:57:59.647Z"}
{"message":"Server is running at localhost : 3000","level":"info","timestamp":"2021-07-01T08:59:25.258Z"}
{"message":"Successfully Connected to the database!","level":"info","timestamp":"2021-07-01T08:59:25.632Z"}
{"message":"Server is running at localhost : 3000","level":"info","timestamp":"2021-07-01T09:13:19.914Z"}
{"message":"Successfully Connected to the database!","level":"info","timestamp":"2021-07-01T09:13:20.110Z"}
{"message":"Server is running at localhost : 3000","level":"info","timestamp":"2021-07-01T09:38:25.474Z"}
{"message":"Successfully Connected to the database!","level":"info","timestamp":"2021-07-01T09:38:25.609Z"}
{"message":"Server is running at localhost : 3000","level":"info","timestamp":"2021-07-01T09:39:01.521Z"}
{"message":"Successfully Connected to the database!","level":"info","timestamp":"2021-07-01T09:39:01.824Z"}
{"message":"Server is running at localhost : 3000","level":"info","timestamp":"2021-07-01T09:44:07.115Z"}
{"message":"Successfully Connected to the database!","level":"info","timestamp":"2021-07-01T09:44:07.231Z"}
{"message":"Server is running at localhost : 3000","level":"info","timestamp":"2021-07-01T09:44:19.716Z"}
{"message":"Successfully Connected to the database!","level":"info","timestamp":"2021-07-01T09:44:19.870Z"}
{"message":"Server is running at localhost : 3000","level":"info","timestamp":"2021-07-01T09:47:34.744Z"}
{"message":"Successfully Connected to the database!","level":"info","timestamp":"2021-07-01T09:47:34.927Z"}
{"message":"Server is running at localhost : 3000","level":"info","timestamp":"2021-07-01T09:54:07.040Z"}
{"message":"Successfully Connected to the database!","level":"info","timestamp":"2021-07-01T09:54:07.211Z"}
{"message":"Server is running at localhost : 3000","level":"info","timestamp":"2021-07-01T09:57:02.166Z"}
{"message":"Successfully Connected to the database!","level":"info","timestamp":"2021-07-01T09:57:02.355Z"}
{"message":"Server is running at localhost : 3000","level":"info","timestamp":"2021-07-01T09:58:54.604Z"}
{"message":"Successfully Connected to the database!","level":"info","timestamp":"2021-07-01T09:58:54.781Z"}
{"message":"Server is running at localhost : 3000","level":"info","timestamp":"2021-07-01T10:13:42.091Z"}
{"message":"Successfully Connected to the database!","level":"info","timestamp":"2021-07-01T10:13:42.345Z"}
{"message":"Server is running at localhost : 3000","level":"info","timestamp":"2021-07-01T10:19:18.201Z"}
{"message":"Successfully Connected to the database!","level":"info","timestamp":"2021-07-01T10:19:18.373Z"}
{"message":"Server is running at localhost : 3000","level":"info","timestamp":"2021-07-01T10:19:29.900Z"}
{"message":"Successfully Connected to the database!","level":"info","timestamp":"2021-07-01T10:19:30.141Z"}
{"message":"Server is running at localhost : 3000","level":"info","timestamp":"2021-07-01T10:23:43.090Z"}
{"message":"Successfully Connected to the database!","level":"info","timestamp":"2021-07-01T10:23:43.276Z"}
{"message":"Server is running at localhost : 3000","level":"info","timestamp":"2021-07-01T10:24:12.350Z"}
{"message":"Successfully Connected to the database!","level":"info","timestamp":"2021-07-01T10:24:12.539Z"}
{"message":"Server is running at localhost : 3000","level":"info","timestamp":"2021-07-01T10:25:22.771Z"}
{"message":"Successfully Connected to the database!","level":"info","timestamp":"2021-07-01T10:25:22.945Z"}
{"message":"Server is running at localhost : 3000","level":"info","timestamp":"2021-07-01T10:27:45.585Z"}
{"message":"Successfully Connected to the database!","level":"info","timestamp":"2021-07-01T10:27:45.879Z"}
{"message":"Server is running at localhost : 3000","level":"info","timestamp":"2021-07-01T10:37:50.754Z"}
{"message":"Successfully Connected to the database!","level":"info","timestamp":"2021-07-01T10:37:50.884Z"}
{"message":"Server is running at localhost : 3000","level":"info","timestamp":"2021-07-01T10:40:14.224Z"}
{"message":"Successfully Connected to the database!","level":"info","timestamp":"2021-07-01T10:40:14.443Z"}
{"message":"Server is running at localhost : 3000","level":"info","timestamp":"2021-07-01T12:31:46.237Z"}
{"message":"Successfully Connected to the database!","level":"info","timestamp":"2021-07-01T12:31:46.374Z"}
{"message":"Server is running at localhost : 3000","level":"info","timestamp":"2021-07-01T12:47:45.616Z"}
{"message":"Successfully Connected to the database!","level":"info","timestamp":"2021-07-01T12:47:45.832Z"}
{"message":"Server is running at localhost : 3000","level":"info","timestamp":"2021-07-01T13:04:02.586Z"}
{"message":"Successfully Connected to the database!","level":"info","timestamp":"2021-07-01T13:04:02.719Z"}
{"message":"Server is running at localhost : 3000","level":"info","timestamp":"2021-07-01T14:58:43.912Z"}
{"message":"Successfully Connected to the database!","level":"info","timestamp":"2021-07-01T14:58:44.927Z"}
{"message":"Server is running at localhost : 3000","level":"info","timestamp":"2021-07-01T15:03:54.797Z"}
{"message":"Successfully Connected to the database!","level":"info","timestamp":"2021-07-01T15:03:54.948Z"}
{"message":"Server is running at localhost : 3000","level":"info","timestamp":"2021-07-01T15:06:57.997Z"}
{"message":"Successfully Connected to the database!","level":"info","timestamp":"2021-07-01T15:06:58.227Z"}
{"message":"Server is running at localhost : 3000","level":"info","timestamp":"2021-07-01T15:11:40.024Z"}
{"message":"Successfully Connected to the database!","level":"info","timestamp":"2021-07-01T15:11:40.313Z"}
{"message":"Server is running at localhost : 3000","level":"info","timestamp":"2021-07-01T15:14:33.712Z"}
{"message":"Successfully Connected to the database!","level":"info","timestamp":"2021-07-01T15:14:34.089Z"}
{"message":"Server is running at localhost : 3000","level":"info","timestamp":"2021-07-01T15:19:57.281Z"}
{"message":"Successfully Connected to the database!","level":"info","timestamp":"2021-07-01T15:19:57.480Z"}
{"message":"Server is running at localhost : 3000","level":"info","timestamp":"2021-07-01T17:36:48.456Z"}
{"message":"Successfully Connected to the database!","level":"info","timestamp":"2021-07-01T17:36:48.599Z"}
{"message":"Server is running at localhost : 3000","level":"info","timestamp":"2021-07-01T17:40:36.753Z"}
{"message":"Successfully Connected to the database!","level":"info","timestamp":"2021-07-01T17:40:36.927Z"}
{"message":"Server is running at localhost : 3000","level":"info","timestamp":"2021-07-01T17:48:10.871Z"}
{"message":"Successfully Connected to the database!","level":"info","timestamp":"2021-07-01T17:48:11.222Z"}
{"message":"Server is running at localhost : 3000","level":"info","timestamp":"2021-07-01T17:49:08.273Z"}
{"message":"Successfully Connected to the database!","level":"info","timestamp":"2021-07-01T17:49:08.392Z"}
{"message":"Server is running at localhost : 3000","level":"info","timestamp":"2021-07-01T18:01:28.441Z"}
{"message":"Successfully Connected to the database!","level":"info","timestamp":"2021-07-01T18:01:28.657Z"}
{"message":"Server is running at localhost : 3000","level":"info","timestamp":"2021-07-01T18:02:05.359Z"}
{"message":"Successfully Connected to the database!","level":"info","timestamp":"2021-07-01T18:02:05.507Z"}
{"message":"Server is running at localhost : 3000","level":"info","timestamp":"2021-07-01T18:13:02.001Z"}
{"message":"Successfully Connected to the database!","level":"info","timestamp":"2021-07-01T18:13:02.202Z"}
{"message":"Server is running at localhost : 3000","level":"info","timestamp":"2021-07-01T18:18:03.690Z"}
{"message":"Successfully Connected to the database!","level":"info","timestamp":"2021-07-01T18:18:04.053Z"}
{"message":"Server is running at localhost : 3000","level":"info","timestamp":"2021-07-01T18:19:52.515Z"}
{"message":"Successfully Connected to the database!","level":"info","timestamp":"2021-07-01T18:19:52.759Z"}
{"message":"Server is running at localhost : 3000","level":"info","timestamp":"2021-07-01T18:20:26.222Z"}
{"message":"Successfully Connected to the database!","level":"info","timestamp":"2021-07-01T18:20:26.390Z"}
{"message":"Server is running at localhost : 3000","level":"info","timestamp":"2021-07-01T18:23:32.736Z"}
{"message":"Successfully Connected to the database!","level":"info","timestamp":"2021-07-01T18:23:32.951Z"}
{"message":"Server is running at localhost : 3000","level":"info","timestamp":"2021-07-01T18:23:42.386Z"}
{"message":"Successfully Connected to the database!","level":"info","timestamp":"2021-07-01T18:23:42.531Z"}
{"message":"Server is running at localhost : 3000","level":"info","timestamp":"2021-07-01T18:23:53.023Z"}
{"message":"Successfully Connected to the database!","level":"info","timestamp":"2021-07-01T18:23:53.295Z"}
{"message":"Server is running at localhost : 3000","level":"info","timestamp":"2021-07-01T18:27:03.659Z"}
{"message":"Successfully Connected to the database!","level":"info","timestamp":"2021-07-01T18:27:04.064Z"}
{"message":"Server is running at localhost : 3000","level":"info","timestamp":"2021-07-01T18:29:07.001Z"}
{"message":"Successfully Connected to the database!","level":"info","timestamp":"2021-07-01T18:29:07.766Z"}
{"message":"Server is running at localhost : 3000","level":"info","timestamp":"2021-07-01T18:38:10.358Z"}
{"message":"Successfully Connected to the database!","level":"info","timestamp":"2021-07-01T18:38:10.733Z"}
{"message":"Server is running at localhost : 3000","level":"info","timestamp":"2021-07-01T18:41:51.909Z"}
{"message":"Successfully Connected to the database!","level":"info","timestamp":"2021-07-01T18:41:52.159Z"}
{"message":"Server is running at localhost : 3000","level":"info","timestamp":"2021-07-01T18:43:15.480Z"}
{"message":"Successfully Connected to the database!","level":"info","timestamp":"2021-07-01T18:43:15.692Z"}
{"message":"Server is running at localhost : 3000","level":"info","timestamp":"2021-07-01T18:51:09.749Z"}
{"message":"Successfully Connected to the database!","level":"info","timestamp":"2021-07-01T18:51:09.953Z"}
{"message":"Server is running at localhost : 3000","level":"info","timestamp":"2021-07-01T18:53:53.175Z"}
{"message":"Successfully Connected to the database!","level":"info","timestamp":"2021-07-01T18:53:53.483Z"}
{"message":"Server is running at localhost : 3000","level":"info","timestamp":"2021-07-01T18:56:45.959Z"}
{"message":"Successfully Connected to the database!","level":"info","timestamp":"2021-07-01T18:56:46.139Z"}
{"message":"Server is running at localhost : 3000","level":"info","timestamp":"2021-07-01T19:02:26.752Z"}
{"message":"Successfully Connected to the database!","level":"info","timestamp":"2021-07-01T19:02:27.067Z"}
{"message":"Server is running at localhost : 3000","level":"info","timestamp":"2021-07-01T19:06:26.259Z"}
{"message":"Successfully Connected to the database!","level":"info","timestamp":"2021-07-01T19:06:26.431Z"}
{"message":"Server is running at localhost : 3000","level":"info","timestamp":"2021-07-01T19:13:40.476Z"}
{"message":"Successfully Connected to the database!","level":"info","timestamp":"2021-07-01T19:13:41.061Z"}
{"message":"Server is running at localhost : 3000","level":"info","timestamp":"2021-07-01T19:18:00.854Z"}
{"message":"Successfully Connected to the database!","level":"info","timestamp":"2021-07-01T19:18:01.161Z"}
{"message":"Server is running at localhost : 3000","level":"info","timestamp":"2021-07-01T19:20:52.024Z"}
{"message":"Successfully Connected to the database!","level":"info","timestamp":"2021-07-01T19:20:52.339Z"}
{"message":"Server is running at localhost : 3000","level":"info","timestamp":"2021-07-01T19:22:05.588Z"}
{"message":"Successfully Connected to the database!","level":"info","timestamp":"2021-07-01T19:22:06.880Z"}
{"message":"Server is running at localhost : 3000","level":"info","timestamp":"2021-07-01T20:09:41.520Z"}
{"message":"Successfully Connected to the database!","level":"info","timestamp":"2021-07-01T20:09:41.757Z"}
{"message":"Server is running at localhost : 3000","level":"info","timestamp":"2021-07-02T06:58:45.095Z"}
{"message":"Successfully Connected to the database!","level":"info","timestamp":"2021-07-02T06:58:46.215Z"}
{"message":"Server is running at localhost : 3000","level":"info","timestamp":"2021-07-02T07:06:18.648Z"}
{"message":"Successfully Connected to the database!","level":"info","timestamp":"2021-07-02T07:06:18.900Z"}
{"message":"Server is running at localhost : 3000","level":"info","timestamp":"2021-08-12T04:02:28.594Z"}
{"message":"Successfully Connected to the database!","level":"info","timestamp":"2021-08-12T04:02:29.588Z"}
{"message":"Server is running at localhost : 3000","level":"info","timestamp":"2021-08-12T04:05:25.998Z"}
{"message":"Successfully Connected to the database!","level":"info","timestamp":"2021-08-12T04:05:26.172Z"}
{"message":"Server is running at localhost : 3000","level":"info","timestamp":"2021-08-12T04:05:37.631Z"}
{"message":"Successfully Connected to the database!","level":"info","timestamp":"2021-08-12T04:05:37.785Z"}
{"message":"Server is running at localhost : 3000","level":"info","timestamp":"2021-08-12T04:08:43.558Z"}
{"message":"Successfully Connected to the database!","level":"info","timestamp":"2021-08-12T04:08:43.898Z"}
{"message":"Server is running at localhost : 3000","level":"info","timestamp":"2021-08-12T04:09:18.891Z"}
{"message":"Successfully Connected to the database!","level":"info","timestamp":"2021-08-12T04:09:19.035Z"}
{"message":"Server is running at localhost : 3000","level":"info","timestamp":"2021-08-12T04:09:36.846Z"}
{"message":"Successfully Connected to the database!","level":"info","timestamp":"2021-08-12T04:09:37.023Z"}
{"message":"Server is running at localhost : 3000","level":"info","timestamp":"2021-08-12T04:18:20.725Z"}
{"message":"Successfully Connected to the database!","level":"info","timestamp":"2021-08-12T04:18:21.331Z"}
{"message":"Server is running at localhost : 3000","level":"info","timestamp":"2021-08-12T06:25:05.501Z"}
{"message":"Successfully Connected to the database!","level":"info","timestamp":"2021-08-12T06:25:06.567Z"}
{"message":"Server is running at localhost : 3000","level":"info","timestamp":"2021-08-12T06:27:21.430Z"}
{"message":"Successfully Connected to the database!","level":"info","timestamp":"2021-08-12T06:27:21.745Z"}
{"message":"Server is running at localhost : 3000","level":"info","timestamp":"2021-08-12T06:43:27.499Z"}
{"message":"Successfully Connected to the database!","level":"info","timestamp":"2021-08-12T06:43:27.793Z"}
{"message":"Server is running at localhost : 3000","level":"info","timestamp":"2021-08-12T06:55:44.120Z"}
{"message":"Successfully Connected to the database!","level":"info","timestamp":"2021-08-12T06:55:44.393Z"}
{"message":"Server is running at localhost : 3000","level":"info","timestamp":"2021-08-12T06:57:53.326Z"}
{"message":"Successfully Connected to the database!","level":"info","timestamp":"2021-08-12T06:57:53.457Z"}
{"message":"Server is running at localhost : 3000","level":"info","timestamp":"2021-08-12T07:02:56.958Z"}
{"message":"Successfully Connected to the database!","level":"info","timestamp":"2021-08-12T07:02:57.112Z"}
{"message":"Server is running at localhost : 3000","level":"info","timestamp":"2021-08-12T07:09:58.971Z"}
{"message":"Successfully Connected to the database!","level":"info","timestamp":"2021-08-12T07:09:59.168Z"}
{"message":"Server is running at localhost : 3000","level":"info","timestamp":"2021-08-12T07:25:18.390Z"}
{"message":"Successfully Connected to the database!","level":"info","timestamp":"2021-08-12T07:25:18.745Z"}
{"$__":{"strictMode":true,"selected":{},"getters":{},"_id":"60dd95fcba252613a4ca2ecf","wasPopulated":false,"activePaths":{"paths":{"phoneNumber":"init","zipCode":"init","state":"init","city":"init","address":"init","lastName":"init","firstName":"init","_id":"init","emailId":"init","createdAt":"init","updatedAt":"init","__v":"init"},"states":{"ignore":{},"default":{},"init":{"_id":true,"firstName":true,"lastName":true,"address":true,"city":true,"state":true,"zipCode":true,"phoneNumber":true,"emailId":true,"createdAt":true,"updatedAt":true,"__v":true},"modify":{},"require":{}},"stateNames":["require","modify","init","default","ignore"]},"pathsToScopes":{},"cachedRequired":{},"session":null,"$setCalled":{},"emitter":{"_events":{},"_eventsCount":0,"_maxListeners":0},"$options":{"skipId":true,"isNew":false,"willInit":true,"defaults":true}},"isNew":false,"$locals":{},"$op":null,"_doc":{"_id":"60dd95fcba252613a4ca2ecf","firstName":"Shaheen","lastName":"Miya","address":"Sr No:67/1B/9 Gokul Nagar","city":"Pune","state":"Maharashtra","zipCode":201001,"phoneNumber":9922123998,"emailId":"shaheen5@gmail.com","createdAt":"2021-07-01T10:16:28.571Z","updatedAt":"2021-07-01T19:22:09.669Z","__v":0},"$init":true,"level":"info","message":"Retrieved Contact Details->","timestamp":"2021-08-12T07:25:40.001Z"}
{"$__":{"strictMode":true,"selected":{},"getters":{},"_id":"60dd95fcba252613a4ca2ecf","wasPopulated":false,"activePaths":{"paths":{"phoneNumber":"init","zipCode":"init","state":"init","city":"init","address":"init","lastName":"init","firstName":"init","_id":"init","emailId":"init","createdAt":"init","updatedAt":"init","__v":"init"},"states":{"ignore":{},"default":{},"init":{"_id":true,"firstName":true,"lastName":true,"address":true,"city":true,"state":true,"zipCode":true,"phoneNumber":true,"emailId":true,"createdAt":true,"updatedAt":true,"__v":true},"modify":{},"require":{}},"stateNames":["require","modify","init","default","ignore"]},"pathsToScopes":{},"cachedRequired":{},"session":null,"$setCalled":{},"emitter":{"_events":{},"_eventsCount":0,"_maxListeners":0},"$options":{"skipId":true,"isNew":false,"willInit":true,"defaults":true}},"isNew":false,"$locals":{},"$op":null,"_doc":{"_id":"60dd95fcba252613a4ca2ecf","firstName":"Shaheen","lastName":"Miya","address":"Sr No:67/1B/9 Gokul Nagar","city":"Pune","state":"Maharashtra","zipCode":201001,"phoneNumber":9922123998,"emailId":"shaheen5@gmail.com","createdAt":"2021-07-01T10:16:28.571Z","updatedAt":"2021-07-01T19:22:09.669Z","__v":0},"$init":true,"level":"info","message":"Retrieved Contact Details->","timestamp":"2021-08-12T07:25:45.679Z"}
{"$__":{"strictMode":true,"selected":{},"getters":{},"_id":"60de0ea0595f5b028c7250c9","wasPopulated":false,"activePaths":{"paths":{"phoneNumber":"init","zipCode":"init","state":"init","city":"init","address":"init","lastName":"init","firstName":"init","_id":"init","emailId":"init","createdAt":"init","updatedAt":"init","__v":"init"},"states":{"ignore":{},"default":{},"init":{"_id":true,"firstName":true,"lastName":true,"address":true,"city":true,"state":true,"zipCode":true,"phoneNumber":true,"emailId":true,"createdAt":true,"updatedAt":true,"__v":true},"modify":{},"require":{}},"stateNames":["require","modify","init","default","ignore"]},"pathsToScopes":{},"cachedRequired":{},"session":null,"$setCalled":{},"emitter":{"_events":{},"_eventsCount":0,"_maxListeners":0},"$options":{"skipId":true,"isNew":false,"willInit":true,"defaults":true}},"isNew":false,"$locals":{},"$op":null,"_doc":{"_id":"60de0ea0595f5b028c7250c9","firstName":"Taylor","lastName":"Swiffttt","address":"Abc Colony PQR","city":"Pune","state":"Maharashtra","zipCode":201111,"phoneNumber":9922123990,"emailId":"taylors3@gmail.com","createdAt":"2021-07-01T18:51:12.909Z","updatedAt":"2021-07-02T07:01:24.230Z","__v":0},"$init":true,"level":"info","message":"Retrieved Contact Details->","timestamp":"2021-08-12T07:26:56.013Z"}
{"$__":{"strictMode":true,"selected":{},"getters":{},"_id":"60de0ea0595f5b028c7250c9","wasPopulated":false,"activePaths":{"paths":{"phoneNumber":"init","zipCode":"init","state":"init","city":"init","address":"init","lastName":"init","firstName":"init","_id":"init","emailId":"init","createdAt":"init","updatedAt":"init","__v":"init"},"states":{"ignore":{},"default":{},"init":{"_id":true,"firstName":true,"lastName":true,"address":true,"city":true,"state":true,"zipCode":true,"phoneNumber":true,"emailId":true,"createdAt":true,"updatedAt":true,"__v":true},"modify":{},"require":{}},"stateNames":["require","modify","init","default","ignore"]},"pathsToScopes":{},"cachedRequired":{},"session":null,"$setCalled":{},"emitter":{"_events":{},"_eventsCount":0,"_maxListeners":0},"$options":{"skipId":true,"isNew":false,"willInit":true,"defaults":true}},"isNew":false,"$locals":{},"$op":null,"_doc":{"_id":"60de0ea0595f5b028c7250c9","firstName":"Taylor","lastName":"Swiffttt","address":"Abc Colony PQR","city":"Mumbai","state":"Maharashtra","zipCode":201111,"phoneNumber":9922123990,"emailId":"taylors3@gmail.com","createdAt":"2021-07-01T18:51:12.909Z","updatedAt":"2021-08-12T07:27:23.358Z","__v":0},"$init":true,"level":"info","message":"Contact Details Updated->","timestamp":"2021-08-12T07:27:24.000Z"}
{"$__":{"strictMode":true,"inserting":true,"getters":{},"_id":"6114cdd5a9d30952eccc5fc0","wasPopulated":false,"activePaths":{"paths":{"phoneNumber":"require","zipCode":"require","state":"require","city":"require","address":"require","lastName":"require","firstName":"require"},"states":{"ignore":{},"default":{},"init":{},"modify":{},"require":{"phoneNumber":true,"zipCode":true,"state":true,"city":true,"address":true,"lastName":true,"firstName":true}},"stateNames":["require","modify","init","default","ignore"]},"pathsToScopes":{},"cachedRequired":{},"session":null,"$setCalled":{},"emitter":{"_events":{},"_eventsCount":0,"_maxListeners":0},"$options":{"defaults":true},"validating":null,"backup":{"activePaths":{"modify":{"firstName":true,"lastName":true,"address":true,"city":true,"state":true,"zipCode":true,"phoneNumber":true,"emailId":true,"createdAt":true,"updatedAt":true},"default":{"_id":true}}},"savedState":{}},"isNew":false,"$locals":{},"$op":null,"_doc":{"_id":"6114cdd5a9d30952eccc5fc0","firstName":"Yash","lastName":"Sharma","address":"Abc Colony PQR","city":"Jaipur","state":"Rajasthan","zipCode":201111,"phoneNumber":9922123990,"emailId":"yash@gmail.com","createdAt":"2021-08-12T07:29:25.309Z","updatedAt":"2021-08-12T07:29:25.309Z","__v":0},"level":"info","message":"New Contact Added->","timestamp":"2021-08-12T07:29:25.604Z"}
{"message":"Server is running at localhost : 3000","level":"info","timestamp":"2021-08-12T07:40:39.649Z"}
{"message":"Successfully Connected to the database!","level":"info","timestamp":"2021-08-12T07:40:39.960Z"}
{"message":"Server is running at localhost : 3000","level":"info","timestamp":"2021-08-12T07:41:09.269Z"}
{"message":"Successfully Connected to the database!","level":"info","timestamp":"2021-08-12T07:41:09.440Z"}
{"message":"Server is running at localhost : 3000","level":"info","timestamp":"2021-08-12T07:43:48.315Z"}
{"message":"Successfully Connected to the database!","level":"info","timestamp":"2021-08-12T07:43:48.507Z"}
{"message":"Server is running at localhost : 3000","level":"info","timestamp":"2021-08-12T07:45:57.364Z"}
{"message":"Successfully Connected to the database!","level":"info","timestamp":"2021-08-12T07:45:57.526Z"}
{"message":{"_id":"6114cdd5a9d30952eccc5fc0","firstName":"Yash","lastName":"Sharma","address":"Abc Colony PQR","city":"Jaipur","state":"Rajasthan","zipCode":201111,"phoneNumber":9922123990,"emailId":"yash@gmail.com","createdAt":"2021-08-12T07:29:25.309Z","updatedAt":"2021-08-12T07:29:25.309Z","__v":0},"level":"info","timestamp":"2021-08-12T07:46:06.707Z"}
{"message":"Server is running at localhost : 3000","level":"info","timestamp":"2021-08-12T07:46:40.554Z"}
{"message":"Successfully Connected to the database!","level":"info","timestamp":"2021-08-12T07:46:40.710Z"}
{"message":"Server is running at localhost : 3000","level":"info","timestamp":"2021-08-12T07:48:17.078Z"}
{"message":"Successfully Connected to the database!","level":"info","timestamp":"2021-08-12T07:48:17.251Z"}
{"$__":{"strictMode":true,"selected":{},"getters":{},"_id":"6114cdd5a9d30952eccc5fc0","wasPopulated":false,"activePaths":{"paths":{"phoneNumber":"init","zipCode":"init","state":"init","city":"init","address":"init","lastName":"init","firstName":"init","_id":"init","emailId":"init","createdAt":"init","updatedAt":"init","__v":"init"},"states":{"ignore":{},"default":{},"init":{"_id":true,"firstName":true,"lastName":true,"address":true,"city":true,"state":true,"zipCode":true,"phoneNumber":true,"emailId":true,"createdAt":true,"updatedAt":true,"__v":true},"modify":{},"require":{}},"stateNames":["require","modify","init","default","ignore"]},"pathsToScopes":{},"cachedRequired":{},"session":null,"$setCalled":{},"emitter":{"_events":{},"_eventsCount":0,"_maxListeners":0},"$options":{"skipId":true,"isNew":false,"willInit":true,"defaults":true}},"isNew":false,"$locals":{},"$op":null,"_doc":{"_id":"6114cdd5a9d30952eccc5fc0","firstName":"Yash","lastName":"Sharma","address":"Abc Colony PQR","city":"Jaipur","state":"Rajasthan","zipCode":201111,"phoneNumber":9922123990,"emailId":"yash@gmail.com","createdAt":"2021-08-12T07:29:25.309Z","updatedAt":"2021-08-12T07:29:25.309Z","__v":0},"$init":true,"level":"info","message":"Retrieved Contact Details->","timestamp":"2021-08-12T07:48:21.697Z"}
{"$__":{"strictMode":true,"selected":{},"getters":{},"_id":"6114cdd5a9d30952eccc5fc0","wasPopulated":false,"activePaths":{"paths":{"phoneNumber":"init","zipCode":"init","state":"init","city":"init","address":"init","lastName":"init","firstName":"init","_id":"init","emailId":"init","createdAt":"init","updatedAt":"init","__v":"init"},"states":{"ignore":{},"default":{},"init":{"_id":true,"firstName":true,"lastName":true,"address":true,"city":true,"state":true,"zipCode":true,"phoneNumber":true,"emailId":true,"createdAt":true,"updatedAt":true,"__v":true},"modify":{},"require":{}},"stateNames":["require","modify","init","default","ignore"]},"pathsToScopes":{},"cachedRequired":{},"session":null,"$setCalled":{},"emitter":{"_events":{},"_eventsCount":0,"_maxListeners":0},"$options":{"skipId":true,"isNew":false,"willInit":true,"defaults":true}},"isNew":false,"$locals":{},"$op":null,"_doc":{"_id":"6114cdd5a9d30952eccc5fc0","firstName":"Yash","lastName":"Sharma","address":"Abc Colony PQR","city":"Jaipur","state":"Rajasthan","zipCode":201111,"phoneNumber":9922123990,"emailId":"yash@gmail.com","createdAt":"2021-08-12T07:29:25.309Z","updatedAt":"2021-08-12T07:29:25.309Z","__v":0},"$init":true,"level":"info","message":"Retrieved Contact Details->","timestamp":"2021-08-12T07:48:24.716Z"}
{"message":"Server is running at localhost : 3000","level":"info","timestamp":"2021-08-12T07:51:28.860Z"}
{"message":"Successfully Connected to the database!","level":"info","timestamp":"2021-08-12T07:51:29.109Z"}
{"message":"Server is running at localhost : 3000","level":"info","timestamp":"2021-08-12T08:03:21.036Z"}
{"message":"Successfully Connected to the database!","level":"info","timestamp":"2021-08-12T08:03:21.282Z"}
{"message":"Server is running at localhost : 3000","level":"info","timestamp":"2021-08-12T08:03:43.824Z"}
{"message":"Successfully Connected to the database!","level":"info","timestamp":"2021-08-12T08:03:44.041Z"}
{"message":"Server is running at localhost : 3000","level":"info","timestamp":"2021-08-12T08:19:28.352Z"}
{"message":"Successfully Connected to the database!","level":"info","timestamp":"2021-08-12T08:19:28.892Z"}
{"level":"error","timestamp":"2021-08-12T08:20:11.630Z"}
{"level":"error","timestamp":"2021-08-12T08:21:02.431Z"}
{"message":{"_id":"6114da2e266f3719c44b85e4","firstName":"yash","lastName":"sharma","emailId":"yash@gmail.com","password":"$2b$10$y0flnF1qrwfW/d4Om2hMNeCnBjnYICP5fMIp5.0rFoiWtW/fz3qkW","createdAt":"2021-08-12T08:22:06.184Z","updatedAt":"2021-08-12T08:22:06.184Z","__v":0},"level":"info","timestamp":"2021-08-12T08:22:06.652Z"}
{"message":"Server is running at localhost : 3000","level":"info","timestamp":"2021-08-12T08:27:07.911Z"}
{"message":"Successfully Connected to the database!","level":"info","timestamp":"2021-08-12T08:27:08.243Z"}
{"message":"Server is running at localhost : 3000","level":"info","timestamp":"2021-08-12T08:58:53.653Z"}
{"message":"Successfully Connected to the database!","level":"info","timestamp":"2021-08-12T08:58:54.705Z"}
{"message":"Server is running at localhost : 3000","level":"info","timestamp":"2021-08-12T09:01:09.990Z"}
{"message":"Successfully Connected to the database!","level":"info","timestamp":"2021-08-12T09:01:10.220Z"}
{"message":"Server is running at localhost : 3000","level":"info","timestamp":"2021-08-12T09:13:39.933Z"}
{"message":"Successfully Connected to the database!","level":"info","timestamp":"2021-08-12T09:13:40.173Z"}
{"message":"Server is running at localhost : 3000","level":"info","timestamp":"2021-08-12T09:17:05.126Z"}
{"message":"Successfully Connected to the database!","level":"info","timestamp":"2021-08-12T09:17:05.319Z"}
{"message":"Server is running at localhost : 3000","level":"info","timestamp":"2021-08-12T09:25:00.932Z"}
{"message":"Successfully Connected to the database!","level":"info","timestamp":"2021-08-12T09:25:01.437Z"}
{"message":"Server is running at localhost : 3000","level":"info","timestamp":"2021-08-12T09:26:33.140Z"}
{"message":"Successfully Connected to the database!","level":"info","timestamp":"2021-08-12T09:26:33.411Z"}
{"message":"Server is running at localhost : 3000","level":"info","timestamp":"2021-08-12T09:27:22.202Z"}
{"message":"Successfully Connected to the database!","level":"info","timestamp":"2021-08-12T09:27:22.416Z"}
{"message":{"_id":"60dd95fcba252613a4ca2ecf","firstName":"Shaheen","lastName":"Miya","address":"Sr No:67/1B/9 Gokul Nagar","city":"Pune","state":"Maharashtra","zipCode":201001,"phoneNumber":9922123998,"emailId":"shaheen5@gmail.com","createdAt":"2021-07-01T10:16:28.571Z","updatedAt":"2021-07-01T19:22:09.669Z","__v":0},"level":"info","timestamp":"2021-08-12T09:27:47.976Z"}
